<?xml version="1.0" encoding="UTF-8"?>
<!-- Generated by org.testng.reporters.JUnitReportReporter -->
<testsuite hostname="lathabp-ThinkPad-L470-W10DG" name="com.qa.tests.GetApiTest" tests="3" failures="0" timestamp="24 Jun 2019 11:53:26 GMT" time="5.871" errors="0">
  <testcase name="postBoard" time="2.518" classname="com.qa.tests.GetApiTest"/>
  <testcase name="AddLableToCard" time="2.819" classname="com.qa.tests.GetApiTest"/>
  <testcase name="getAPITestWithoutHeaders" time="0.534" classname="com.qa.tests.GetApiTest"/>
</testsuite> <!-- com.qa.tests.GetApiTest -->
